Added Component: Designator=C1(0603_cap)
Added Component: Designator=C2(0603_cap)
Added Component: Designator=C3(0603_cap)
Added Component: Designator=C4(0603_cap)
Added Component: Designator=C5(0603_cap)
Added Component: Designator=C6(0603_cap)
Added Component: Designator=C7(0603_cap)
Added Component: Designator=C8(0603_cap)
Added Component: Designator=C9(0603_cap)
Added Component: Designator=C10(0603_cap)
Added Component: Designator=C11(0603_cap)
Added Component: Designator=JP1(HEDH)
Added Component: Designator=JP2(SMA-132322)
Added Component: Designator=JP3(SMA-132322)
Added Component: Designator=JP4(SMA-132322)
Added Component: Designator=JP5(CON8)
Added Component: Designator=JP6(CON8)
Added Component: Designator=LED1(0603_LED)
Added Component: Designator=LED2(0603_LED)
Added Component: Designator=LED3(0603_LED)
Added Component: Designator=LED TEST(0603_LED)
Added Component: Designator=R1(0402_res)
Added Component: Designator=R2(0402_res)
Added Component: Designator=R3(0402_res)
Added Component: Designator=R4(0402_res)
Added Component: Designator=R5(0603_res)
Added Component: Designator=R6(0603_res)
Added Component: Designator=R7(0603_res)
Added Component: Designator=R8(0402_res)
Added Component: Designator=R9(0402_res)
Added Component: Designator=R10(0402_res)
Added Component: Designator=SL1(SL_0805)
Added Component: Designator=SW1(SW2)
Added Component: Designator=U1(MSOP10_L)
Added Component: Designator=U2(SOT223_N)
Added Component: Designator=U3(QFP7X7-G32/X.45N)
Added Component: Designator=U4(QFN28 - 9)
Added Component: Designator=USB1(MICROUSB - v2)
Added Component: Designator=X1(XT455KN)
Added Component: Designator=XTAL1(XT4-3.2x2.5)
Added Pin To Net: NetName=5V Pin=C1-2
Added Pin To Net: NetName=5V Pin=C10-2
Added Pin To Net: NetName=5V Pin=C11-2
Added Pin To Net: NetName=5V Pin=R8-1
Added Pin To Net: NetName=5V Pin=R9-1
Added Pin To Net: NetName=5V Pin=U2-3
Added Pin To Net: NetName=5V Pin=U4-7
Added Pin To Net: NetName=5V Pin=U4-8
Added Pin To Net: NetName=5V Pin=USB1-1
Added Net: Name=5V
Added Pin To Net: NetName=D+ Pin=U4-4
Added Pin To Net: NetName=D+ Pin=USB1-3
Added Net: Name=D+
Added Pin To Net: NetName=D- Pin=U4-5
Added Pin To Net: NetName=D- Pin=USB1-2
Added Net: Name=D-
Added Pin To Net: NetName=EXTERNAL 3V3 Pin=C2-2
Added Pin To Net: NetName=EXTERNAL 3V3 Pin=SL1-3
Added Pin To Net: NetName=EXTERNAL 3V3 Pin=U2-2
Added Net: Name=EXTERNAL 3V3
Added Pin To Net: NetName=GND Pin=C1-1
Added Pin To Net: NetName=GND Pin=C2-1
Added Pin To Net: NetName=GND Pin=C3-2
Added Pin To Net: NetName=GND Pin=C4-2
Added Pin To Net: NetName=GND Pin=C5-1
Added Pin To Net: NetName=GND Pin=C6-1
Added Pin To Net: NetName=GND Pin=C7-1
Added Pin To Net: NetName=GND Pin=C8-2
Added Pin To Net: NetName=GND Pin=C9-1
Added Pin To Net: NetName=GND Pin=C10-1
Added Pin To Net: NetName=GND Pin=C11-1
Added Pin To Net: NetName=GND Pin=JP2-2
Added Pin To Net: NetName=GND Pin=JP2-3
Added Pin To Net: NetName=GND Pin=JP2-4
Added Pin To Net: NetName=GND Pin=JP2-5
Added Pin To Net: NetName=GND Pin=JP3-2
Added Pin To Net: NetName=GND Pin=JP3-3
Added Pin To Net: NetName=GND Pin=JP3-4
Added Pin To Net: NetName=GND Pin=JP3-5
Added Pin To Net: NetName=GND Pin=JP4-2
Added Pin To Net: NetName=GND Pin=JP4-3
Added Pin To Net: NetName=GND Pin=JP4-4
Added Pin To Net: NetName=GND Pin=JP4-5
Added Pin To Net: NetName=GND Pin=JP5-8
Added Pin To Net: NetName=GND Pin=LED TEST-2
Added Pin To Net: NetName=GND Pin=R1-1
Added Pin To Net: NetName=GND Pin=R10-1
Added Pin To Net: NetName=GND Pin=SW1-1
Added Pin To Net: NetName=GND Pin=U1-8
Added Pin To Net: NetName=GND Pin=U2-1
Added Pin To Net: NetName=GND Pin=U3-3
Added Pin To Net: NetName=GND Pin=U3-5
Added Pin To Net: NetName=GND Pin=U3-21
Added Pin To Net: NetName=GND Pin=U4-0
Added Pin To Net: NetName=GND Pin=U4-3
Added Pin To Net: NetName=GND Pin=USB1-5
Added Pin To Net: NetName=GND Pin=USB1-6
Added Pin To Net: NetName=GND Pin=USB1-7
Added Pin To Net: NetName=GND Pin=USB1-8
Added Pin To Net: NetName=GND Pin=USB1-8
Added Pin To Net: NetName=GND Pin=USB1-8
Added Pin To Net: NetName=GND Pin=USB1-8
Added Pin To Net: NetName=GND Pin=USB1-9
Added Pin To Net: NetName=GND Pin=USB1-9
Added Pin To Net: NetName=GND Pin=USB1-9
Added Pin To Net: NetName=GND Pin=USB1-9
Added Pin To Net: NetName=GND Pin=XTAL1-2
Added Pin To Net: NetName=GND Pin=XTAL1-4
Added Net: Name=GND
Added Pin To Net: NetName=INTERNAL 3V3 Pin=C8-1
Added Pin To Net: NetName=INTERNAL 3V3 Pin=C9-2
Added Pin To Net: NetName=INTERNAL 3V3 Pin=SL1-1
Added Pin To Net: NetName=INTERNAL 3V3 Pin=U4-6
Added Net: Name=INTERNAL 3V3
Added Pin To Net: NetName=NetC3_1 Pin=C3-1
Added Pin To Net: NetName=NetC3_1 Pin=U3-8
Added Pin To Net: NetName=NetC3_1 Pin=X1-2
Added Net: Name=NetC3_1
Added Pin To Net: NetName=NetC4_1 Pin=C4-1
Added Pin To Net: NetName=NetC4_1 Pin=U3-7
Added Pin To Net: NetName=NetC4_1 Pin=X1-1
Added Net: Name=NetC4_1
Added Pin To Net: NetName=NetC5_2 Pin=C5-2
Added Pin To Net: NetName=NetC5_2 Pin=U3-20
Added Net: Name=NetC5_2
Added Pin To Net: NetName=NetJP5_2 Pin=JP5-2
Added Pin To Net: NetName=NetJP5_2 Pin=R4-1
Added Pin To Net: NetName=NetJP5_2 Pin=U3-17
Added Net: Name=NetJP5_2
Added Pin To Net: NetName=NetJP5_3 Pin=JP5-3
Added Pin To Net: NetName=NetJP5_3 Pin=U3-16
Added Net: Name=NetJP5_3
Added Pin To Net: NetName=NetJP5_4 Pin=JP5-4
Added Pin To Net: NetName=NetJP5_4 Pin=U3-15
Added Net: Name=NetJP5_4
Added Pin To Net: NetName=NetJP5_5 Pin=JP5-5
Added Pin To Net: NetName=NetJP5_5 Pin=U3-14
Added Net: Name=NetJP5_5
Added Pin To Net: NetName=NetJP5_6 Pin=JP5-6
Added Pin To Net: NetName=NetJP5_6 Pin=U3-13
Added Net: Name=NetJP5_6
Added Pin To Net: NetName=NetJP5_7 Pin=JP5-7
Added Pin To Net: NetName=NetJP5_7 Pin=U3-12
Added Net: Name=NetJP5_7
Added Pin To Net: NetName=NetJP6_1 Pin=JP6-1
Added Pin To Net: NetName=NetJP6_1 Pin=U3-11
Added Net: Name=NetJP6_1
Added Pin To Net: NetName=NetJP6_2 Pin=JP6-2
Added Pin To Net: NetName=NetJP6_2 Pin=U3-10
Added Net: Name=NetJP6_2
Added Pin To Net: NetName=NetJP6_3 Pin=JP6-3
Added Pin To Net: NetName=NetJP6_3 Pin=U3-9
Added Net: Name=NetJP6_3
Added Pin To Net: NetName=NetJP6_4 Pin=JP6-4
Added Pin To Net: NetName=NetJP6_4 Pin=U3-2
Added Net: Name=NetJP6_4
Added Pin To Net: NetName=NetJP6_5 Pin=JP6-5
Added Pin To Net: NetName=NetJP6_5 Pin=U3-1
Added Net: Name=NetJP6_5
Added Pin To Net: NetName=NetJP6_6 Pin=JP6-6
Added Pin To Net: NetName=NetJP6_6 Pin=U3-32
Added Net: Name=NetJP6_6
Added Pin To Net: NetName=NetLED1_2 Pin=LED1-2
Added Pin To Net: NetName=NetLED1_2 Pin=R1-2
Added Net: Name=NetLED1_2
Added Pin To Net: NetName=NetLED2_2 Pin=LED2-2
Added Pin To Net: NetName=NetLED2_2 Pin=R2-2
Added Net: Name=NetLED2_2
Added Pin To Net: NetName=NetLED3_2 Pin=LED3-2
Added Pin To Net: NetName=NetLED3_2 Pin=R3-2
Added Net: Name=NetLED3_2
Added Pin To Net: NetName=NetLED TEST_1 Pin=LED TEST-1
Added Pin To Net: NetName=NetLED TEST_1 Pin=R4-2
Added Net: Name=NetLED TEST_1
Added Pin To Net: NetName=NetR8_2 Pin=R8-2
Added Pin To Net: NetName=NetR8_2 Pin=U4-9
Added Net: Name=NetR8_2
Added Pin To Net: NetName=NetR9_2 Pin=R9-2
Added Pin To Net: NetName=NetR9_2 Pin=U4-11
Added Net: Name=NetR9_2
Added Pin To Net: NetName=NetR10_2 Pin=R10-2
Added Pin To Net: NetName=NetR10_2 Pin=U4-12
Added Net: Name=NetR10_2
Added Pin To Net: NetName=NetU1_2 Pin=U1-2
Added Pin To Net: NetName=NetU1_2 Pin=XTAL1-1
Added Net: Name=NetU1_2
Added Pin To Net: NetName=NetU1_3 Pin=U1-3
Added Pin To Net: NetName=NetU1_3 Pin=XTAL1-3
Added Net: Name=NetU1_3
Added Pin To Net: NetName=PLL_CLOCK0 Pin=JP2-1
Added Pin To Net: NetName=PLL_CLOCK0 Pin=U1-10
Added Net: Name=PLL_CLOCK0
Added Pin To Net: NetName=PLL_CLOCK1 Pin=JP3-1
Added Pin To Net: NetName=PLL_CLOCK1 Pin=U1-9
Added Net: Name=PLL_CLOCK1
Added Pin To Net: NetName=PLL_CLOCK2 Pin=JP4-1
Added Pin To Net: NetName=PLL_CLOCK2 Pin=U1-6
Added Net: Name=PLL_CLOCK2
Added Pin To Net: NetName=RESET Pin=C6-2
Added Pin To Net: NetName=RESET Pin=R5-1
Added Pin To Net: NetName=RESET Pin=SW1-2
Added Pin To Net: NetName=RESET Pin=U3-29
Added Net: Name=RESET
Added Pin To Net: NetName=RX Pin=JP6-8
Added Pin To Net: NetName=RX Pin=R2-1
Added Pin To Net: NetName=RX Pin=U3-30
Added Pin To Net: NetName=RX Pin=U4-26
Added Net: Name=RX
Added Pin To Net: NetName=SCL Pin=R6-1
Added Pin To Net: NetName=SCL Pin=U1-4
Added Pin To Net: NetName=SCL Pin=U3-28
Added Net: Name=SCL
Added Pin To Net: NetName=SDA Pin=R7-1
Added Pin To Net: NetName=SDA Pin=U1-5
Added Pin To Net: NetName=SDA Pin=U3-27
Added Net: Name=SDA
Added Pin To Net: NetName=TX Pin=JP6-7
Added Pin To Net: NetName=TX Pin=R3-1
Added Pin To Net: NetName=TX Pin=U3-31
Added Pin To Net: NetName=TX Pin=U4-25
Added Net: Name=TX
Added Pin To Net: NetName=VDD_3V3 Pin=C7-2
Added Pin To Net: NetName=VDD_3V3 Pin=JP1-1
Added Pin To Net: NetName=VDD_3V3 Pin=JP5-1
Added Pin To Net: NetName=VDD_3V3 Pin=LED1-1
Added Pin To Net: NetName=VDD_3V3 Pin=LED2-1
Added Pin To Net: NetName=VDD_3V3 Pin=LED3-1
Added Pin To Net: NetName=VDD_3V3 Pin=R5-2
Added Pin To Net: NetName=VDD_3V3 Pin=R6-2
Added Pin To Net: NetName=VDD_3V3 Pin=R7-2
Added Pin To Net: NetName=VDD_3V3 Pin=SL1-2
Added Pin To Net: NetName=VDD_3V3 Pin=U1-1
Added Pin To Net: NetName=VDD_3V3 Pin=U3-4
Added Pin To Net: NetName=VDD_3V3 Pin=U3-6
Added Pin To Net: NetName=VDD_3V3 Pin=U3-18
Added Net: Name=VDD_3V3
Added Pin To Net: NetName=VDD_IO Pin=JP1-2
Added Pin To Net: NetName=VDD_IO Pin=U1-7
Added Net: Name=VDD_IO
Added Class: Name=Sheet1
Added Room: Name=Sheet1
