Removed Pin From Net: NetName=D7 Pin=JP3-1
Removed Pin From Net: NetName=D6 Pin=JP3-2
Removed Pin From Net: NetName=D5 Pin=JP3-3
Removed Pin From Net: NetName=D4 Pin=JP3-4
Removed Pin From Net: NetName=D3 Pin=JP3-5
Removed Pin From Net: NetName=D2 Pin=JP3-6
Removed Pin From Net: NetName=TXD Pin=JP3-7
Removed Pin From Net: NetName=RXD Pin=JP3-8
Removed Pin From Net: NetName=GND Pin=JP3-9
Removed Pin From Net: NetName=VDD_3V3 Pin=JP3-10
Added Component: Designator=JP?(CON12)
Added Pin To Net: NetName=D7 Pin=JP?-3
Added Pin To Net: NetName=D6 Pin=JP?-4
Added Pin To Net: NetName=D5 Pin=JP?-5
Added Pin To Net: NetName=D4 Pin=JP?-6
Added Pin To Net: NetName=D3 Pin=JP?-7
Added Pin To Net: NetName=D2 Pin=JP?-8
Added Pin To Net: NetName=TXD Pin=JP?-9
Added Pin To Net: NetName=RXD Pin=JP?-10
Added Pin To Net: NetName=GND Pin=JP?-11
Added Pin To Net: NetName=VDD_3V3 Pin=JP?-12
Added Pin To Net: NetName=RXD Pin=R3-1
Added Pin To Net: NetName=TXD Pin=R4-1
Added Pin To Net: NetName=TXD Pin=U4-25
Added Pin To Net: NetName=RXD Pin=U4-26
Change Net Name : Old Net Name=RAW New Net Name=5V
Added Pin To Net: NetName=D8 Pin=JP?-2
Added Pin To Net: NetName=D8 Pin=U?-12
Added Net: Name=D8
Added Pin To Net: NetName=D9 Pin=JP?-1
Added Pin To Net: NetName=D9 Pin=U?-13
Added Net: Name=D9
Added Member To Class: ClassName=Sheet1 Member=Component JP? JP12
Added Room: Name=Sheet1
